<?xml version="1.0" encoding="UTF-8"?>
<!-- Generated by org.testng.reporters.JUnitXMLReporter -->
<testsuite ignored="0" hostname="LAPTOP-69BCBIIP" failures="0" tests="8" name="Default test" time="7.89" errors="0" timestamp="2022-01-21T18:21:37 IST">
  <testcase classname="testcases.Assignment8" name="test" time="5.481"/>
  <testcase classname="testcases.Assignment8" name="validateGetListResources" time="0.163"/>
  <testcase classname="testcases.Assignment8" name="validateGetSingleResource" time="0.161"/>
  <testcase classname="testcases.Assignment8" name="validateGetSingleResourceNotFound" time="0.386"/>
  <testcase classname="testcases.Assignment8" name="validateGetSingleUserNotFound" time="0.411"/>
  <testcase classname="testcases.Assignment8" name="validatePostLoginUnsuccessful" time="0.433"/>
  <testcase classname="testcases.Assignment8" name="validatePostRegisterSuccessful" time="0.405"/>
  <testcase classname="testcases.Assignment8" name="validatePostRegisterUnsuccessful" time="0.407"/>
</testsuite> <!-- Default test -->
